python3: can't open file '/home/yk0581/h1bworkers/code/code/02_revelio_indiv_clean/get_rev_merged.py': [Errno 2] No such file or directory
Traceback (most recent call last):
  File "/home/yk0581/h1bworkers/code/02_revelio_indiv_clean/get_rev_merged.py", line 15, in <module>
    from config import *
ModuleNotFoundError: No module named 'config'
['/home/yk0581/h1bworkers/code/02_revelio_indiv_clean', '/home/yk0581/.conda/envs/h1benv/lib/python313.zip', '/home/yk0581/.conda/envs/h1benv/lib/python3.13', '/home/yk0581/.conda/envs/h1benv/lib/python3.13/lib-dynload', '/home/yk0581/.conda/envs/h1benv/lib/python3.13/site-packages']
Traceback (most recent call last):
  File "/home/yk0581/h1bworkers/code/02_revelio_indiv_clean/get_rev_merged.py", line 14, in <module>
    from config import *
ModuleNotFoundError: No module named 'config'
['/home/yk0581/h1bworkers/code/02_revelio_indiv_clean', '/home/yk0581/.conda/envs/h1benv/lib/python313.zip', '/home/yk0581/.conda/envs/h1benv/lib/python3.13', '/home/yk0581/.conda/envs/h1benv/lib/python3.13/lib-dynload', '/home/yk0581/.conda/envs/h1benv/lib/python3.13/site-packages']
['/home/yk0581/h1bworkers/code/02_revelio_indiv_clean', '/home/yk0581/.conda/envs/h1benv/lib/python313.zip', '/home/yk0581/.conda/envs/h1benv/lib/python3.13', '/home/yk0581/.conda/envs/h1benv/lib/python3.13/lib-dynload', '/home/yk0581/.conda/envs/h1benv/lib/python3.13/site-packages', '/home/yk0581/h1bworkers/code']
Loading library list...
Done
iteration #0: 0.41 min
iteration #1000: 0.4 min
iteration #2000: 0.25 min
iteration #3000: 0.92 min
iteration #4000: 0.27 min
iteration #5000: 0.31 min
iteration #6000: 0.4 min
iteration #7000: 0.58 min
iteration #8000: 0.76 min
iteration #9000: 0.72 min
iteration #10000: 0.52 min
iteration #11000: 0.46 min
iteration #12000: 0.45 min
iteration #13000: 0.39 min
iteration #14000: 0.36 min
iteration #15000: 0.31 min
iteration #16000: 0.22 min
iteration #17000: 0.47 min
iteration #18000: 0.35 min
iteration #19000: 0.52 min
iteration #20000: 0.37 min
iteration #21000: 0.3 min
iteration #22000: 0.37 min
iteration #23000: 0.4 min
iteration #24000: 0.72 min
iteration #25000: 0.4 min
iteration #26000: 0.31 min
iteration #27000: 0.46 min
iteration #28000: 0.28 min
iteration #29000: 0.41 min
iteration #30000: 0.39 min
iteration #31000: 0.56 min
iteration #32000: 0.3 min
iteration #33000: 0.97 min
iteration #34000: 0.32 min
iteration #35000: 0.39 min
iteration #36000: 0.38 min
iteration #37000: 0.43 min
iteration #38000: 0.35 min
iteration #39000: 0.3 min
iteration #40000: 0.61 min
iteration #41000: 0.8 min
iteration #42000: 0.3 min
iteration #43000: 0.38 min
iteration #44000: 0.43 min
iteration #45000: 0.57 min
iteration #46000: 0.25 min
iteration #47000: 0.21 min
iteration #48000: 0.5 min
iteration #49000: 0.31 min
iteration #50000: 0.55 min
iteration #51000: 0.31 min
iteration #52000: 0.24 min
iteration #53000: 0.43 min
iteration #54000: 0.25 min
iteration #55000: 0.44 min
iteration #56000: 0.39 min
iteration #57000: 0.31 min
iteration #58000: 0.96 min
iteration #59000: 1.2 min
iteration #60000: 0.41 min
iteration #61000: 0.68 min
iteration #62000: 0.73 min
iteration #63000: 0.69 min
iteration #64000: 0.87 min
iteration #65000: 0.39 min
Done! Total time: 36.03 min
