2025-04-07 19:10:00,956 ----------------------------------------------------------------------------------------------------
2025-04-07 19:10:00,958 Model: "TextClassifier(
  (embeddings): DocumentRNNEmbeddings(
    (embeddings): StackedEmbeddings(
      (list_embedding_0): WordEmbeddings(
        'glove'
        (embedding): Embedding(400001, 100)
      )
    )
    (word_reprojection_map): Linear(in_features=100, out_features=100, bias=True)
    (rnn): GRU(100, 256, batch_first=True, bidirectional=True)
    (dropout): Dropout(p=0.5, inplace=False)
  )
  (decoder): Linear(in_features=1024, out_features=173, bias=True)
  (dropout): Dropout(p=0.0, inplace=False)
  (locked_dropout): LockedDropout(p=0.0)
  (word_dropout): WordDropout(p=0.0)
  (loss_function): CrossEntropyLoss()
  (weights): None
  (weight_tensor) None
)"
2025-04-07 19:10:00,960 ----------------------------------------------------------------------------------------------------
2025-04-07 19:10:00,962 Corpus: 801223 train + 111286 dev + 89025 test sentences
2025-04-07 19:10:00,967 ----------------------------------------------------------------------------------------------------
2025-04-07 19:10:00,969 Train:  801223 sentences
2025-04-07 19:10:00,971         (train_with_dev=False, train_with_test=False)
2025-04-07 19:10:00,973 ----------------------------------------------------------------------------------------------------
2025-04-07 19:10:00,975 Training Params:
2025-04-07 19:10:00,978  - learning_rate: "0.1" 
2025-04-07 19:10:00,980  - mini_batch_size: "128"
2025-04-07 19:10:00,982  - max_epochs: "20"
2025-04-07 19:10:00,984  - shuffle: "True"
2025-04-07 19:10:00,986 ----------------------------------------------------------------------------------------------------
2025-04-07 19:10:00,988 Plugins:
2025-04-07 19:10:00,990  - AnnealOnPlateau | patience: '5', anneal_factor: '0.5', min_learning_rate: '0.0001'
2025-04-07 19:10:00,991 ----------------------------------------------------------------------------------------------------
2025-04-07 19:10:00,994 Final evaluation on model from best epoch (best-model.pt)
2025-04-07 19:10:01,008  - metric: "('micro avg', 'f1-score')"
2025-04-07 19:10:01,011 ----------------------------------------------------------------------------------------------------
2025-04-07 19:10:01,013 Computation:
2025-04-07 19:10:01,015  - compute on device: cpu
2025-04-07 19:10:01,016  - embedding storage: cpu
2025-04-07 19:10:01,018 ----------------------------------------------------------------------------------------------------
2025-04-07 19:10:01,019 Model training base path: "resources"
2025-04-07 19:10:01,022 ----------------------------------------------------------------------------------------------------
2025-04-07 19:10:01,025 ----------------------------------------------------------------------------------------------------
2025-04-07 19:18:44,000 epoch 1 - iter 626/6260 - loss 3.09180414 - time (sec): 522.97 - samples/sec: 153.22 - lr: 0.100000 - momentum: 0.000000
2025-04-07 19:28:17,821 epoch 1 - iter 1252/6260 - loss 2.92793408 - time (sec): 1096.79 - samples/sec: 146.11 - lr: 0.100000 - momentum: 0.000000
2025-04-07 19:37:20,365 epoch 1 - iter 1878/6260 - loss 2.82612563 - time (sec): 1639.34 - samples/sec: 146.63 - lr: 0.100000 - momentum: 0.000000
2025-04-07 19:46:05,775 epoch 1 - iter 2504/6260 - loss 2.74508809 - time (sec): 2164.75 - samples/sec: 148.06 - lr: 0.100000 - momentum: 0.000000
2025-04-07 19:55:24,810 epoch 1 - iter 3130/6260 - loss 2.68203754 - time (sec): 2723.78 - samples/sec: 147.09 - lr: 0.100000 - momentum: 0.000000
2025-04-07 20:04:43,752 epoch 1 - iter 3756/6260 - loss 2.62933529 - time (sec): 3282.73 - samples/sec: 146.45 - lr: 0.100000 - momentum: 0.000000
2025-04-07 20:13:52,603 epoch 1 - iter 4382/6260 - loss 2.58603642 - time (sec): 3831.58 - samples/sec: 146.39 - lr: 0.100000 - momentum: 0.000000
2025-04-07 20:22:25,190 epoch 1 - iter 5008/6260 - loss 2.54794560 - time (sec): 4344.16 - samples/sec: 147.56 - lr: 0.100000 - momentum: 0.000000
2025-04-07 20:31:44,566 epoch 1 - iter 5634/6260 - loss 2.51834407 - time (sec): 4903.54 - samples/sec: 147.07 - lr: 0.100000 - momentum: 0.000000
2025-04-07 20:41:01,041 epoch 1 - iter 6260/6260 - loss 2.48928867 - time (sec): 5460.01 - samples/sec: 146.74 - lr: 0.100000 - momentum: 0.000000
2025-04-07 20:41:01,044 ----------------------------------------------------------------------------------------------------
2025-04-07 20:41:01,044 EPOCH 1 done: loss 2.4893 - lr: 0.100000
2025-04-07 20:42:29,618 DEV : loss 2.05129075050354 - f1-score (micro avg)  0.4582
2025-04-07 20:42:46,576  - 0 epochs without improvement
2025-04-07 20:42:46,579 saving best model
2025-04-07 20:42:47,629 ----------------------------------------------------------------------------------------------------
2025-04-07 20:51:02,493 epoch 2 - iter 626/6260 - loss 2.20772553 - time (sec): 494.86 - samples/sec: 161.92 - lr: 0.100000 - momentum: 0.000000
2025-04-07 20:59:15,907 epoch 2 - iter 1252/6260 - loss 2.19628468 - time (sec): 988.28 - samples/sec: 162.16 - lr: 0.100000 - momentum: 0.000000
2025-04-07 21:07:44,210 epoch 2 - iter 1878/6260 - loss 2.18916334 - time (sec): 1496.58 - samples/sec: 160.62 - lr: 0.100000 - momentum: 0.000000
2025-04-07 21:16:24,668 epoch 2 - iter 2504/6260 - loss 2.18465091 - time (sec): 2017.04 - samples/sec: 158.90 - lr: 0.100000 - momentum: 0.000000
2025-04-07 21:25:08,639 epoch 2 - iter 3130/6260 - loss 2.17659737 - time (sec): 2541.01 - samples/sec: 157.67 - lr: 0.100000 - momentum: 0.000000
2025-04-07 21:33:57,064 epoch 2 - iter 3756/6260 - loss 2.16904391 - time (sec): 3069.43 - samples/sec: 156.63 - lr: 0.100000 - momentum: 0.000000
2025-04-07 21:42:43,147 epoch 2 - iter 4382/6260 - loss 2.16141959 - time (sec): 3595.52 - samples/sec: 156.00 - lr: 0.100000 - momentum: 0.000000
2025-04-07 21:51:20,487 epoch 2 - iter 5008/6260 - loss 2.15552933 - time (sec): 4112.86 - samples/sec: 155.86 - lr: 0.100000 - momentum: 0.000000
2025-04-07 22:00:14,562 epoch 2 - iter 5634/6260 - loss 2.14993919 - time (sec): 4646.93 - samples/sec: 155.19 - lr: 0.100000 - momentum: 0.000000
2025-04-07 22:09:04,932 epoch 2 - iter 6260/6260 - loss 2.14290631 - time (sec): 5177.30 - samples/sec: 154.76 - lr: 0.100000 - momentum: 0.000000
2025-04-07 22:09:04,933 ----------------------------------------------------------------------------------------------------
2025-04-07 22:09:04,934 EPOCH 2 done: loss 2.1429 - lr: 0.100000
2025-04-07 22:10:29,496 DEV : loss 1.916124701499939 - f1-score (micro avg)  0.483
2025-04-07 22:10:45,292  - 0 epochs without improvement
2025-04-07 22:10:45,295 saving best model
2025-04-07 22:10:45,999 ----------------------------------------------------------------------------------------------------
2025-04-07 22:18:54,065 epoch 3 - iter 626/6260 - loss 2.08038574 - time (sec): 488.06 - samples/sec: 164.17 - lr: 0.100000 - momentum: 0.000000
2025-04-07 22:27:01,982 epoch 3 - iter 1252/6260 - loss 2.07076064 - time (sec): 975.98 - samples/sec: 164.20 - lr: 0.100000 - momentum: 0.000000
2025-04-07 22:35:44,916 epoch 3 - iter 1878/6260 - loss 2.06443848 - time (sec): 1498.92 - samples/sec: 160.37 - lr: 0.100000 - momentum: 0.000000
2025-04-07 22:44:22,572 epoch 3 - iter 2504/6260 - loss 2.06284571 - time (sec): 2016.57 - samples/sec: 158.94 - lr: 0.100000 - momentum: 0.000000
2025-04-07 22:52:42,270 epoch 3 - iter 3130/6260 - loss 2.05940809 - time (sec): 2516.27 - samples/sec: 159.22 - lr: 0.100000 - momentum: 0.000000
2025-04-07 23:01:30,957 epoch 3 - iter 3756/6260 - loss 2.05595113 - time (sec): 3044.96 - samples/sec: 157.89 - lr: 0.100000 - momentum: 0.000000
2025-04-07 23:10:23,251 epoch 3 - iter 4382/6260 - loss 2.05212768 - time (sec): 3577.25 - samples/sec: 156.80 - lr: 0.100000 - momentum: 0.000000
2025-04-07 23:19:00,062 epoch 3 - iter 5008/6260 - loss 2.05083922 - time (sec): 4094.06 - samples/sec: 156.57 - lr: 0.100000 - momentum: 0.000000
2025-04-07 23:27:41,530 epoch 3 - iter 5634/6260 - loss 2.04763203 - time (sec): 4615.53 - samples/sec: 156.24 - lr: 0.100000 - momentum: 0.000000
2025-04-07 23:35:58,144 epoch 3 - iter 6260/6260 - loss 2.04534093 - time (sec): 5112.14 - samples/sec: 156.73 - lr: 0.100000 - momentum: 0.000000
2025-04-07 23:35:58,145 ----------------------------------------------------------------------------------------------------
2025-04-07 23:35:58,146 EPOCH 3 done: loss 2.0453 - lr: 0.100000
2025-04-07 23:37:25,621 DEV : loss 1.853319764137268 - f1-score (micro avg)  0.5006
2025-04-07 23:37:42,293  - 0 epochs without improvement
2025-04-07 23:37:42,296 saving best model
2025-04-07 23:37:42,919 ----------------------------------------------------------------------------------------------------
2025-04-07 23:46:07,723 epoch 4 - iter 626/6260 - loss 2.00909260 - time (sec): 504.80 - samples/sec: 158.73 - lr: 0.100000 - momentum: 0.000000
2025-04-07 23:54:34,668 epoch 4 - iter 1252/6260 - loss 2.00697046 - time (sec): 1011.75 - samples/sec: 158.40 - lr: 0.100000 - momentum: 0.000000
2025-04-08 00:02:52,979 epoch 4 - iter 1878/6260 - loss 2.00463345 - time (sec): 1510.06 - samples/sec: 159.19 - lr: 0.100000 - momentum: 0.000000
2025-04-08 00:11:23,216 epoch 4 - iter 2504/6260 - loss 2.00125153 - time (sec): 2020.30 - samples/sec: 158.65 - lr: 0.100000 - momentum: 0.000000
2025-04-08 00:19:47,441 epoch 4 - iter 3130/6260 - loss 1.99866454 - time (sec): 2524.52 - samples/sec: 158.70 - lr: 0.100000 - momentum: 0.000000
2025-04-08 00:28:13,533 epoch 4 - iter 3756/6260 - loss 1.99537024 - time (sec): 3030.61 - samples/sec: 158.64 - lr: 0.100000 - momentum: 0.000000
2025-04-08 00:36:27,333 epoch 4 - iter 4382/6260 - loss 1.99282699 - time (sec): 3524.41 - samples/sec: 159.15 - lr: 0.100000 - momentum: 0.000000
2025-04-08 00:45:15,619 epoch 4 - iter 5008/6260 - loss 1.99297516 - time (sec): 4052.70 - samples/sec: 158.17 - lr: 0.100000 - momentum: 0.000000
2025-04-08 00:53:48,544 epoch 4 - iter 5634/6260 - loss 1.99092983 - time (sec): 4565.62 - samples/sec: 157.95 - lr: 0.100000 - momentum: 0.000000
2025-04-08 01:02:24,234 epoch 4 - iter 6260/6260 - loss 1.98883705 - time (sec): 5081.31 - samples/sec: 157.68 - lr: 0.100000 - momentum: 0.000000
2025-04-08 01:02:24,236 ----------------------------------------------------------------------------------------------------
2025-04-08 01:02:24,238 EPOCH 4 done: loss 1.9888 - lr: 0.100000
2025-04-08 01:03:53,983 DEV : loss 1.8113532066345215 - f1-score (micro avg)  0.5095
2025-04-08 01:04:10,438  - 0 epochs without improvement
2025-04-08 01:04:10,441 saving best model
2025-04-08 01:04:11,114 ----------------------------------------------------------------------------------------------------
2025-04-08 01:12:15,308 epoch 5 - iter 626/6260 - loss 1.95404771 - time (sec): 484.19 - samples/sec: 165.49 - lr: 0.100000 - momentum: 0.000000
2025-04-08 01:20:15,056 epoch 5 - iter 1252/6260 - loss 1.96206032 - time (sec): 963.94 - samples/sec: 166.25 - lr: 0.100000 - momentum: 0.000000
2025-04-08 01:28:24,049 epoch 5 - iter 1878/6260 - loss 1.95654447 - time (sec): 1452.93 - samples/sec: 165.45 - lr: 0.100000 - momentum: 0.000000
2025-04-08 01:36:09,422 epoch 5 - iter 2504/6260 - loss 1.95476277 - time (sec): 1918.31 - samples/sec: 167.08 - lr: 0.100000 - momentum: 0.000000
2025-04-08 01:44:06,906 epoch 5 - iter 3130/6260 - loss 1.95448439 - time (sec): 2395.79 - samples/sec: 167.23 - lr: 0.100000 - momentum: 0.000000
2025-04-08 01:51:59,943 epoch 5 - iter 3756/6260 - loss 1.95431101 - time (sec): 2868.83 - samples/sec: 167.58 - lr: 0.100000 - momentum: 0.000000
2025-04-08 02:00:08,094 epoch 5 - iter 4382/6260 - loss 1.95265002 - time (sec): 3356.98 - samples/sec: 167.08 - lr: 0.100000 - momentum: 0.000000
2025-04-08 02:08:34,340 epoch 5 - iter 5008/6260 - loss 1.95066779 - time (sec): 3863.22 - samples/sec: 165.93 - lr: 0.100000 - momentum: 0.000000
2025-04-08 02:16:31,836 epoch 5 - iter 5634/6260 - loss 1.95013667 - time (sec): 4340.72 - samples/sec: 166.14 - lr: 0.100000 - momentum: 0.000000
2025-04-08 02:24:27,486 epoch 5 - iter 6260/6260 - loss 1.94945943 - time (sec): 4816.37 - samples/sec: 166.35 - lr: 0.100000 - momentum: 0.000000
2025-04-08 02:24:27,488 ----------------------------------------------------------------------------------------------------
2025-04-08 02:24:27,489 EPOCH 5 done: loss 1.9495 - lr: 0.100000
2025-04-08 02:25:49,397 DEV : loss 1.7787649631500244 - f1-score (micro avg)  0.5146
2025-04-08 02:26:04,985  - 0 epochs without improvement
2025-04-08 02:26:04,987 saving best model
2025-04-08 02:26:05,668 ----------------------------------------------------------------------------------------------------
2025-04-08 02:34:20,194 epoch 6 - iter 626/6260 - loss 1.92239452 - time (sec): 494.52 - samples/sec: 162.03 - lr: 0.100000 - momentum: 0.000000
2025-04-08 02:42:36,118 epoch 6 - iter 1252/6260 - loss 1.92392415 - time (sec): 990.45 - samples/sec: 161.80 - lr: 0.100000 - momentum: 0.000000
2025-04-08 02:50:26,976 epoch 6 - iter 1878/6260 - loss 1.92176283 - time (sec): 1461.31 - samples/sec: 164.50 - lr: 0.100000 - momentum: 0.000000
2025-04-08 02:58:34,085 epoch 6 - iter 2504/6260 - loss 1.92161214 - time (sec): 1948.42 - samples/sec: 164.50 - lr: 0.100000 - momentum: 0.000000
2025-04-08 03:06:47,692 epoch 6 - iter 3130/6260 - loss 1.92126293 - time (sec): 2442.02 - samples/sec: 164.06 - lr: 0.100000 - momentum: 0.000000
2025-04-08 03:14:58,516 epoch 6 - iter 3756/6260 - loss 1.92007295 - time (sec): 2932.85 - samples/sec: 163.93 - lr: 0.100000 - momentum: 0.000000
2025-04-08 03:23:08,178 epoch 6 - iter 4382/6260 - loss 1.92095352 - time (sec): 3422.51 - samples/sec: 163.88 - lr: 0.100000 - momentum: 0.000000
2025-04-08 03:31:26,373 epoch 6 - iter 5008/6260 - loss 1.91973949 - time (sec): 3920.70 - samples/sec: 163.50 - lr: 0.100000 - momentum: 0.000000
2025-04-08 03:39:49,957 epoch 6 - iter 5634/6260 - loss 1.91850772 - time (sec): 4424.29 - samples/sec: 163.00 - lr: 0.100000 - momentum: 0.000000
2025-04-08 03:47:53,343 epoch 6 - iter 6260/6260 - loss 1.91861303 - time (sec): 4907.67 - samples/sec: 163.26 - lr: 0.100000 - momentum: 0.000000
2025-04-08 03:47:53,345 ----------------------------------------------------------------------------------------------------
2025-04-08 03:47:53,346 EPOCH 6 done: loss 1.9186 - lr: 0.100000
2025-04-08 03:49:18,428 DEV : loss 1.7701921463012695 - f1-score (micro avg)  0.5159
2025-04-08 03:49:33,322  - 0 epochs without improvement
2025-04-08 03:49:33,325 saving best model
2025-04-08 03:49:33,997 ----------------------------------------------------------------------------------------------------
2025-04-08 03:57:48,097 epoch 7 - iter 626/6260 - loss 1.89692529 - time (sec): 494.10 - samples/sec: 162.17 - lr: 0.100000 - momentum: 0.000000
2025-04-08 04:05:54,118 epoch 7 - iter 1252/6260 - loss 1.89686661 - time (sec): 980.12 - samples/sec: 163.51 - lr: 0.100000 - momentum: 0.000000
2025-04-08 04:14:12,976 epoch 7 - iter 1878/6260 - loss 1.89542472 - time (sec): 1478.98 - samples/sec: 162.53 - lr: 0.100000 - momentum: 0.000000
2025-04-08 04:22:19,308 epoch 7 - iter 2504/6260 - loss 1.89916318 - time (sec): 1965.31 - samples/sec: 163.08 - lr: 0.100000 - momentum: 0.000000
2025-04-08 04:30:31,654 epoch 7 - iter 3130/6260 - loss 1.90081676 - time (sec): 2457.66 - samples/sec: 163.02 - lr: 0.100000 - momentum: 0.000000
2025-04-08 04:38:24,804 epoch 7 - iter 3756/6260 - loss 1.89840376 - time (sec): 2930.81 - samples/sec: 164.04 - lr: 0.100000 - momentum: 0.000000
2025-04-08 04:47:10,038 epoch 7 - iter 4382/6260 - loss 1.89759841 - time (sec): 3456.04 - samples/sec: 162.29 - lr: 0.100000 - momentum: 0.000000
2025-04-08 04:56:15,536 epoch 7 - iter 5008/6260 - loss 1.89659062 - time (sec): 4001.54 - samples/sec: 160.19 - lr: 0.100000 - momentum: 0.000000
2025-04-08 05:05:25,751 epoch 7 - iter 5634/6260 - loss 1.89706213 - time (sec): 4551.75 - samples/sec: 158.43 - lr: 0.100000 - momentum: 0.000000
2025-04-08 05:14:18,679 epoch 7 - iter 6260/6260 - loss 1.89611148 - time (sec): 5084.68 - samples/sec: 157.58 - lr: 0.100000 - momentum: 0.000000
2025-04-08 05:14:18,681 ----------------------------------------------------------------------------------------------------
2025-04-08 05:14:18,682 EPOCH 7 done: loss 1.8961 - lr: 0.100000
2025-04-08 05:15:40,997 DEV : loss 1.7478312253952026 - f1-score (micro avg)  0.5237
2025-04-08 05:15:56,614  - 0 epochs without improvement
2025-04-08 05:15:56,616 saving best model
2025-04-08 05:15:57,313 ----------------------------------------------------------------------------------------------------
2025-04-08 05:24:06,145 epoch 8 - iter 626/6260 - loss 1.87108971 - time (sec): 488.83 - samples/sec: 163.92 - lr: 0.100000 - momentum: 0.000000
2025-04-08 05:32:23,738 epoch 8 - iter 1252/6260 - loss 1.86669917 - time (sec): 986.42 - samples/sec: 162.46 - lr: 0.100000 - momentum: 0.000000
2025-04-08 05:40:51,522 epoch 8 - iter 1878/6260 - loss 1.87257711 - time (sec): 1494.21 - samples/sec: 160.88 - lr: 0.100000 - momentum: 0.000000
2025-04-08 05:49:23,920 epoch 8 - iter 2504/6260 - loss 1.87606295 - time (sec): 2006.61 - samples/sec: 159.73 - lr: 0.100000 - momentum: 0.000000
2025-04-08 05:58:06,556 epoch 8 - iter 3130/6260 - loss 1.87707086 - time (sec): 2529.24 - samples/sec: 158.40 - lr: 0.100000 - momentum: 0.000000
2025-04-08 06:06:37,287 epoch 8 - iter 3756/6260 - loss 1.87542914 - time (sec): 3039.97 - samples/sec: 158.15 - lr: 0.100000 - momentum: 0.000000
2025-04-08 06:14:57,062 epoch 8 - iter 4382/6260 - loss 1.87574101 - time (sec): 3539.75 - samples/sec: 158.46 - lr: 0.100000 - momentum: 0.000000
2025-04-08 06:23:09,722 epoch 8 - iter 5008/6260 - loss 1.87538697 - time (sec): 4032.41 - samples/sec: 158.97 - lr: 0.100000 - momentum: 0.000000
2025-04-08 06:31:11,517 epoch 8 - iter 5634/6260 - loss 1.87651189 - time (sec): 4514.20 - samples/sec: 159.75 - lr: 0.100000 - momentum: 0.000000
2025-04-08 06:39:25,624 epoch 8 - iter 6260/6260 - loss 1.87538729 - time (sec): 5008.31 - samples/sec: 159.98 - lr: 0.100000 - momentum: 0.000000
2025-04-08 06:39:25,625 ----------------------------------------------------------------------------------------------------
2025-04-08 06:39:25,626 EPOCH 8 done: loss 1.8754 - lr: 0.100000
2025-04-08 06:40:50,233 DEV : loss 1.7409743070602417 - f1-score (micro avg)  0.5223
2025-04-08 06:41:06,409  - 1 epochs without improvement
2025-04-08 06:41:06,412 ----------------------------------------------------------------------------------------------------
2025-04-08 06:49:25,127 epoch 9 - iter 626/6260 - loss 1.86542082 - time (sec): 498.71 - samples/sec: 160.67 - lr: 0.100000 - momentum: 0.000000
2025-04-08 06:57:55,066 epoch 9 - iter 1252/6260 - loss 1.86443574 - time (sec): 1008.65 - samples/sec: 158.88 - lr: 0.100000 - momentum: 0.000000
2025-04-08 07:05:51,629 epoch 9 - iter 1878/6260 - loss 1.86155220 - time (sec): 1485.22 - samples/sec: 161.85 - lr: 0.100000 - momentum: 0.000000
2025-04-08 07:14:18,524 epoch 9 - iter 2504/6260 - loss 1.86079293 - time (sec): 1992.11 - samples/sec: 160.89 - lr: 0.100000 - momentum: 0.000000
2025-04-08 07:22:55,696 epoch 9 - iter 3130/6260 - loss 1.85964733 - time (sec): 2509.28 - samples/sec: 159.66 - lr: 0.100000 - momentum: 0.000000
2025-04-08 07:31:20,945 epoch 9 - iter 3756/6260 - loss 1.86113864 - time (sec): 3014.53 - samples/sec: 159.48 - lr: 0.100000 - momentum: 0.000000
2025-04-08 07:39:43,193 epoch 9 - iter 4382/6260 - loss 1.86057411 - time (sec): 3516.78 - samples/sec: 159.49 - lr: 0.100000 - momentum: 0.000000
2025-04-08 07:48:00,732 epoch 9 - iter 5008/6260 - loss 1.85942082 - time (sec): 4014.32 - samples/sec: 159.68 - lr: 0.100000 - momentum: 0.000000
2025-04-08 07:56:35,758 epoch 9 - iter 5634/6260 - loss 1.85965259 - time (sec): 4529.34 - samples/sec: 159.22 - lr: 0.100000 - momentum: 0.000000
2025-04-08 08:04:50,059 epoch 9 - iter 6260/6260 - loss 1.85879534 - time (sec): 5023.65 - samples/sec: 159.49 - lr: 0.100000 - momentum: 0.000000
2025-04-08 08:04:50,061 ----------------------------------------------------------------------------------------------------
2025-04-08 08:04:50,062 EPOCH 9 done: loss 1.8588 - lr: 0.100000
2025-04-08 08:06:13,298 DEV : loss 1.720775842666626 - f1-score (micro avg)  0.5285
2025-04-08 08:06:29,703  - 0 epochs without improvement
2025-04-08 08:06:29,705 saving best model
2025-04-08 08:06:30,409 ----------------------------------------------------------------------------------------------------
2025-04-08 08:14:58,123 epoch 10 - iter 626/6260 - loss 1.84316928 - time (sec): 507.71 - samples/sec: 157.82 - lr: 0.100000 - momentum: 0.000000
2025-04-08 08:22:57,701 epoch 10 - iter 1252/6260 - loss 1.84042593 - time (sec): 987.29 - samples/sec: 162.32 - lr: 0.100000 - momentum: 0.000000
2025-04-08 08:30:58,482 epoch 10 - iter 1878/6260 - loss 1.84092565 - time (sec): 1468.07 - samples/sec: 163.74 - lr: 0.100000 - momentum: 0.000000
2025-04-08 08:39:17,121 epoch 10 - iter 2504/6260 - loss 1.84133513 - time (sec): 1966.71 - samples/sec: 162.97 - lr: 0.100000 - momentum: 0.000000
2025-04-08 08:47:39,366 epoch 10 - iter 3130/6260 - loss 1.84260020 - time (sec): 2468.96 - samples/sec: 162.27 - lr: 0.100000 - momentum: 0.000000
2025-04-08 08:56:00,213 epoch 10 - iter 3756/6260 - loss 1.84292509 - time (sec): 2969.80 - samples/sec: 161.89 - lr: 0.100000 - momentum: 0.000000
2025-04-08 09:04:17,829 epoch 10 - iter 4382/6260 - loss 1.84317198 - time (sec): 3467.42 - samples/sec: 161.76 - lr: 0.100000 - momentum: 0.000000
2025-04-08 09:12:52,780 epoch 10 - iter 5008/6260 - loss 1.84345069 - time (sec): 3982.37 - samples/sec: 160.97 - lr: 0.100000 - momentum: 0.000000
2025-04-08 09:21:06,472 epoch 10 - iter 5634/6260 - loss 1.84324508 - time (sec): 4476.06 - samples/sec: 161.11 - lr: 0.100000 - momentum: 0.000000
2025-04-08 09:30:30,850 epoch 10 - iter 6260/6260 - loss 1.84353736 - time (sec): 5040.44 - samples/sec: 158.96 - lr: 0.100000 - momentum: 0.000000
2025-04-08 09:30:30,852 ----------------------------------------------------------------------------------------------------
2025-04-08 09:30:30,853 EPOCH 10 done: loss 1.8435 - lr: 0.100000
2025-04-08 09:32:01,638 DEV : loss 1.703478455543518 - f1-score (micro avg)  0.5322
2025-04-08 09:32:18,743  - 0 epochs without improvement
2025-04-08 09:32:18,746 saving best model
2025-04-08 09:32:19,484 ----------------------------------------------------------------------------------------------------
2025-04-08 09:40:44,516 epoch 11 - iter 626/6260 - loss 1.82709220 - time (sec): 505.03 - samples/sec: 158.66 - lr: 0.100000 - momentum: 0.000000
2025-04-08 09:49:22,987 epoch 11 - iter 1252/6260 - loss 1.82727099 - time (sec): 1023.50 - samples/sec: 156.58 - lr: 0.100000 - momentum: 0.000000
2025-04-08 09:58:12,032 epoch 11 - iter 1878/6260 - loss 1.82950954 - time (sec): 1552.55 - samples/sec: 154.83 - lr: 0.100000 - momentum: 0.000000
2025-04-08 10:06:58,095 epoch 11 - iter 2504/6260 - loss 1.83099425 - time (sec): 2078.61 - samples/sec: 154.20 - lr: 0.100000 - momentum: 0.000000
2025-04-08 10:14:56,138 epoch 11 - iter 3130/6260 - loss 1.83201624 - time (sec): 2556.65 - samples/sec: 156.70 - lr: 0.100000 - momentum: 0.000000
2025-04-08 10:23:10,588 epoch 11 - iter 3756/6260 - loss 1.83180491 - time (sec): 3051.10 - samples/sec: 157.57 - lr: 0.100000 - momentum: 0.000000
2025-04-08 10:32:00,177 epoch 11 - iter 4382/6260 - loss 1.83236797 - time (sec): 3580.69 - samples/sec: 156.64 - lr: 0.100000 - momentum: 0.000000
2025-04-08 10:40:49,382 epoch 11 - iter 5008/6260 - loss 1.83146625 - time (sec): 4109.90 - samples/sec: 155.97 - lr: 0.100000 - momentum: 0.000000
2025-04-08 10:49:23,512 epoch 11 - iter 5634/6260 - loss 1.83118829 - time (sec): 4624.03 - samples/sec: 155.96 - lr: 0.100000 - momentum: 0.000000
2025-04-08 10:57:41,838 epoch 11 - iter 6260/6260 - loss 1.83164654 - time (sec): 5122.35 - samples/sec: 156.42 - lr: 0.100000 - momentum: 0.000000
2025-04-08 10:57:41,840 ----------------------------------------------------------------------------------------------------
2025-04-08 10:57:41,841 EPOCH 11 done: loss 1.8316 - lr: 0.100000
2025-04-08 10:59:05,879 DEV : loss 1.6988401412963867 - f1-score (micro avg)  0.5336
2025-04-08 10:59:21,410  - 0 epochs without improvement
2025-04-08 10:59:21,413 saving best model
2025-04-08 10:59:22,155 ----------------------------------------------------------------------------------------------------
2025-04-08 11:07:22,361 epoch 12 - iter 626/6260 - loss 1.82032760 - time (sec): 480.20 - samples/sec: 166.86 - lr: 0.100000 - momentum: 0.000000
2025-04-08 11:16:06,141 epoch 12 - iter 1252/6260 - loss 1.81552104 - time (sec): 1003.98 - samples/sec: 159.62 - lr: 0.100000 - momentum: 0.000000
2025-04-08 11:24:43,613 epoch 12 - iter 1878/6260 - loss 1.81987049 - time (sec): 1521.46 - samples/sec: 158.00 - lr: 0.100000 - momentum: 0.000000
2025-04-08 11:33:58,845 epoch 12 - iter 2504/6260 - loss 1.81942684 - time (sec): 2076.69 - samples/sec: 154.34 - lr: 0.100000 - momentum: 0.000000
2025-04-08 11:43:01,698 epoch 12 - iter 3130/6260 - loss 1.81930134 - time (sec): 2619.54 - samples/sec: 152.94 - lr: 0.100000 - momentum: 0.000000
2025-04-08 11:51:43,697 epoch 12 - iter 3756/6260 - loss 1.82035138 - time (sec): 3141.54 - samples/sec: 153.04 - lr: 0.100000 - momentum: 0.000000
2025-04-08 12:00:51,453 epoch 12 - iter 4382/6260 - loss 1.82023553 - time (sec): 3689.30 - samples/sec: 152.03 - lr: 0.100000 - momentum: 0.000000
2025-04-08 12:10:36,603 epoch 12 - iter 5008/6260 - loss 1.82078692 - time (sec): 4274.45 - samples/sec: 149.97 - lr: 0.100000 - momentum: 0.000000
2025-04-08 12:20:19,977 epoch 12 - iter 5634/6260 - loss 1.82035388 - time (sec): 4857.82 - samples/sec: 148.45 - lr: 0.100000 - momentum: 0.000000
2025-04-08 12:29:58,888 epoch 12 - iter 6260/6260 - loss 1.81949208 - time (sec): 5436.73 - samples/sec: 147.37 - lr: 0.100000 - momentum: 0.000000
2025-04-08 12:29:58,891 ----------------------------------------------------------------------------------------------------
2025-04-08 12:29:58,892 EPOCH 12 done: loss 1.8195 - lr: 0.100000
2025-04-08 12:31:31,193 DEV : loss 1.699233889579773 - f1-score (micro avg)  0.5332
2025-04-08 12:31:48,766  - 1 epochs without improvement
2025-04-08 12:31:48,768 ----------------------------------------------------------------------------------------------------
2025-04-08 12:41:33,035 epoch 13 - iter 626/6260 - loss 1.80146170 - time (sec): 584.27 - samples/sec: 137.14 - lr: 0.100000 - momentum: 0.000000
2025-04-08 12:51:35,069 epoch 13 - iter 1252/6260 - loss 1.80445184 - time (sec): 1186.30 - samples/sec: 135.09 - lr: 0.100000 - momentum: 0.000000
2025-04-08 13:01:00,728 epoch 13 - iter 1878/6260 - loss 1.80457603 - time (sec): 1751.96 - samples/sec: 137.21 - lr: 0.100000 - momentum: 0.000000
2025-04-08 13:11:02,163 epoch 13 - iter 2504/6260 - loss 1.80702846 - time (sec): 2353.39 - samples/sec: 136.19 - lr: 0.100000 - momentum: 0.000000
2025-04-08 13:21:30,015 epoch 13 - iter 3130/6260 - loss 1.80700668 - time (sec): 2981.25 - samples/sec: 134.39 - lr: 0.100000 - momentum: 0.000000
2025-04-08 13:31:46,376 epoch 13 - iter 3756/6260 - loss 1.80741494 - time (sec): 3597.61 - samples/sec: 133.64 - lr: 0.100000 - momentum: 0.000000
2025-04-08 13:41:28,021 epoch 13 - iter 4382/6260 - loss 1.81004316 - time (sec): 4179.25 - samples/sec: 134.21 - lr: 0.100000 - momentum: 0.000000
2025-04-08 13:50:45,834 epoch 13 - iter 5008/6260 - loss 1.81015848 - time (sec): 4737.06 - samples/sec: 135.32 - lr: 0.100000 - momentum: 0.000000
2025-04-08 13:59:54,081 epoch 13 - iter 5634/6260 - loss 1.81019053 - time (sec): 5285.31 - samples/sec: 136.44 - lr: 0.100000 - momentum: 0.000000
2025-04-08 14:09:12,504 epoch 13 - iter 6260/6260 - loss 1.81028168 - time (sec): 5843.73 - samples/sec: 137.11 - lr: 0.100000 - momentum: 0.000000
2025-04-08 14:09:12,510 ----------------------------------------------------------------------------------------------------
2025-04-08 14:09:12,512 EPOCH 13 done: loss 1.8103 - lr: 0.100000
2025-04-08 14:10:49,074 DEV : loss 1.6867396831512451 - f1-score (micro avg)  0.5352
2025-04-08 14:11:07,758  - 0 epochs without improvement
2025-04-08 14:11:07,761 saving best model
2025-04-08 14:11:08,946 ----------------------------------------------------------------------------------------------------
2025-04-08 14:19:26,529 epoch 14 - iter 626/6260 - loss 1.78544974 - time (sec): 497.58 - samples/sec: 161.04 - lr: 0.100000 - momentum: 0.000000
2025-04-08 14:27:30,129 epoch 14 - iter 1252/6260 - loss 1.79656835 - time (sec): 981.18 - samples/sec: 163.33 - lr: 0.100000 - momentum: 0.000000
2025-04-08 14:36:56,430 epoch 14 - iter 1878/6260 - loss 1.79747076 - time (sec): 1547.48 - samples/sec: 155.34 - lr: 0.100000 - momentum: 0.000000
2025-04-08 14:45:06,952 epoch 14 - iter 2504/6260 - loss 1.79825359 - time (sec): 2038.00 - samples/sec: 157.27 - lr: 0.100000 - momentum: 0.000000
2025-04-08 14:53:12,455 epoch 14 - iter 3130/6260 - loss 1.79859573 - time (sec): 2523.51 - samples/sec: 158.76 - lr: 0.100000 - momentum: 0.000000
2025-04-08 15:01:34,415 epoch 14 - iter 3756/6260 - loss 1.79942901 - time (sec): 3025.47 - samples/sec: 158.91 - lr: 0.100000 - momentum: 0.000000
2025-04-08 15:10:26,827 epoch 14 - iter 4382/6260 - loss 1.79868376 - time (sec): 3557.88 - samples/sec: 157.65 - lr: 0.100000 - momentum: 0.000000
2025-04-08 15:20:20,767 epoch 14 - iter 5008/6260 - loss 1.79934116 - time (sec): 4151.82 - samples/sec: 154.40 - lr: 0.100000 - momentum: 0.000000
2025-04-08 15:29:30,665 epoch 14 - iter 5634/6260 - loss 1.79947133 - time (sec): 4701.72 - samples/sec: 153.38 - lr: 0.100000 - momentum: 0.000000
2025-04-08 15:39:12,043 epoch 14 - iter 6260/6260 - loss 1.79961577 - time (sec): 5283.10 - samples/sec: 151.66 - lr: 0.100000 - momentum: 0.000000
2025-04-08 15:39:12,047 ----------------------------------------------------------------------------------------------------
2025-04-08 15:39:12,048 EPOCH 14 done: loss 1.7996 - lr: 0.100000
2025-04-08 15:40:54,198 DEV : loss 1.6924452781677246 - f1-score (micro avg)  0.5323
2025-04-08 15:41:14,680  - 1 epochs without improvement
2025-04-08 15:41:14,687 ----------------------------------------------------------------------------------------------------
2025-04-08 15:50:08,089 epoch 15 - iter 626/6260 - loss 1.78281647 - time (sec): 533.40 - samples/sec: 150.22 - lr: 0.100000 - momentum: 0.000000
2025-04-08 15:59:56,758 epoch 15 - iter 1252/6260 - loss 1.78599242 - time (sec): 1122.07 - samples/sec: 142.82 - lr: 0.100000 - momentum: 0.000000
2025-04-08 16:09:57,731 epoch 15 - iter 1878/6260 - loss 1.78579491 - time (sec): 1723.04 - samples/sec: 139.51 - lr: 0.100000 - momentum: 0.000000
2025-04-08 16:19:47,027 epoch 15 - iter 2504/6260 - loss 1.78783736 - time (sec): 2312.34 - samples/sec: 138.61 - lr: 0.100000 - momentum: 0.000000
2025-04-08 16:29:20,746 epoch 15 - iter 3130/6260 - loss 1.78944557 - time (sec): 2886.06 - samples/sec: 138.82 - lr: 0.100000 - momentum: 0.000000
2025-04-08 16:38:49,627 epoch 15 - iter 3756/6260 - loss 1.78896972 - time (sec): 3454.94 - samples/sec: 139.15 - lr: 0.100000 - momentum: 0.000000
2025-04-08 16:48:11,652 epoch 15 - iter 4382/6260 - loss 1.79022916 - time (sec): 4016.96 - samples/sec: 139.63 - lr: 0.100000 - momentum: 0.000000
2025-04-08 16:57:51,197 epoch 15 - iter 5008/6260 - loss 1.79016957 - time (sec): 4596.51 - samples/sec: 139.46 - lr: 0.100000 - momentum: 0.000000
2025-04-08 17:06:20,176 epoch 15 - iter 5634/6260 - loss 1.79118847 - time (sec): 5105.49 - samples/sec: 141.25 - lr: 0.100000 - momentum: 0.000000
2025-04-08 17:14:50,346 epoch 15 - iter 6260/6260 - loss 1.79118876 - time (sec): 5615.66 - samples/sec: 142.68 - lr: 0.100000 - momentum: 0.000000
2025-04-08 17:14:50,347 ----------------------------------------------------------------------------------------------------
2025-04-08 17:14:50,348 EPOCH 15 done: loss 1.7912 - lr: 0.100000
2025-04-08 17:16:18,872 DEV : loss 1.6867077350616455 - f1-score (micro avg)  0.5333
2025-04-08 17:16:36,169  - 2 epochs without improvement
2025-04-08 17:16:36,171 ----------------------------------------------------------------------------------------------------
2025-04-08 17:26:08,044 epoch 16 - iter 626/6260 - loss 1.78590472 - time (sec): 571.87 - samples/sec: 140.12 - lr: 0.100000 - momentum: 0.000000
2025-04-08 17:35:36,514 epoch 16 - iter 1252/6260 - loss 1.78290692 - time (sec): 1140.34 - samples/sec: 140.53 - lr: 0.100000 - momentum: 0.000000
2025-04-08 17:45:23,396 epoch 16 - iter 1878/6260 - loss 1.78134843 - time (sec): 1727.22 - samples/sec: 139.17 - lr: 0.100000 - momentum: 0.000000
2025-04-08 17:54:40,992 epoch 16 - iter 2504/6260 - loss 1.78347283 - time (sec): 2284.82 - samples/sec: 140.28 - lr: 0.100000 - momentum: 0.000000
2025-04-08 18:03:44,249 epoch 16 - iter 3130/6260 - loss 1.78397232 - time (sec): 2828.08 - samples/sec: 141.67 - lr: 0.100000 - momentum: 0.000000
2025-04-08 18:12:45,846 epoch 16 - iter 3756/6260 - loss 1.78367437 - time (sec): 3369.67 - samples/sec: 142.67 - lr: 0.100000 - momentum: 0.000000
2025-04-08 18:21:59,072 epoch 16 - iter 4382/6260 - loss 1.78422285 - time (sec): 3922.90 - samples/sec: 142.98 - lr: 0.100000 - momentum: 0.000000
2025-04-08 18:30:45,574 epoch 16 - iter 5008/6260 - loss 1.78347216 - time (sec): 4449.40 - samples/sec: 144.07 - lr: 0.100000 - momentum: 0.000000
2025-04-08 18:39:42,710 epoch 16 - iter 5634/6260 - loss 1.78352808 - time (sec): 4986.54 - samples/sec: 144.62 - lr: 0.100000 - momentum: 0.000000
2025-04-08 18:48:51,361 epoch 16 - iter 6260/6260 - loss 1.78283059 - time (sec): 5535.19 - samples/sec: 144.75 - lr: 0.100000 - momentum: 0.000000
2025-04-08 18:48:51,364 ----------------------------------------------------------------------------------------------------
2025-04-08 18:48:51,366 EPOCH 16 done: loss 1.7828 - lr: 0.100000
2025-04-08 18:50:26,070 DEV : loss 1.6876869201660156 - f1-score (micro avg)  0.539
2025-04-08 18:50:44,109  - 0 epochs without improvement
2025-04-08 18:50:44,112 saving best model
2025-04-08 18:50:45,238 ----------------------------------------------------------------------------------------------------
2025-04-08 18:59:45,536 epoch 17 - iter 626/6260 - loss 1.76901511 - time (sec): 540.29 - samples/sec: 148.30 - lr: 0.100000 - momentum: 0.000000
2025-04-08 19:08:22,250 epoch 17 - iter 1252/6260 - loss 1.76987854 - time (sec): 1057.01 - samples/sec: 151.61 - lr: 0.100000 - momentum: 0.000000
2025-04-08 19:16:50,741 epoch 17 - iter 1878/6260 - loss 1.76932372 - time (sec): 1565.50 - samples/sec: 153.55 - lr: 0.100000 - momentum: 0.000000
2025-04-08 19:25:12,649 epoch 17 - iter 2504/6260 - loss 1.77278134 - time (sec): 2067.41 - samples/sec: 155.03 - lr: 0.100000 - momentum: 0.000000
2025-04-08 19:33:48,515 epoch 17 - iter 3130/6260 - loss 1.77376240 - time (sec): 2583.27 - samples/sec: 155.09 - lr: 0.100000 - momentum: 0.000000
2025-04-08 19:42:31,261 epoch 17 - iter 3756/6260 - loss 1.77609086 - time (sec): 3106.02 - samples/sec: 154.79 - lr: 0.100000 - momentum: 0.000000
2025-04-08 19:51:12,620 epoch 17 - iter 4382/6260 - loss 1.77636702 - time (sec): 3627.38 - samples/sec: 154.63 - lr: 0.100000 - momentum: 0.000000
2025-04-08 19:59:40,364 epoch 17 - iter 5008/6260 - loss 1.77691452 - time (sec): 4135.12 - samples/sec: 155.02 - lr: 0.100000 - momentum: 0.000000
2025-04-08 20:07:56,487 epoch 17 - iter 5634/6260 - loss 1.77654892 - time (sec): 4631.25 - samples/sec: 155.71 - lr: 0.100000 - momentum: 0.000000
2025-04-08 20:16:31,023 epoch 17 - iter 6260/6260 - loss 1.77624252 - time (sec): 5145.78 - samples/sec: 155.70 - lr: 0.100000 - momentum: 0.000000
2025-04-08 20:16:31,026 ----------------------------------------------------------------------------------------------------
2025-04-08 20:16:31,028 EPOCH 17 done: loss 1.7762 - lr: 0.100000
2025-04-08 20:17:53,785 DEV : loss 1.6698753833770752 - f1-score (micro avg)  0.5391
2025-04-08 20:18:10,321  - 0 epochs without improvement
2025-04-08 20:18:10,323 saving best model
2025-04-08 20:18:10,961 ----------------------------------------------------------------------------------------------------
2025-04-08 20:26:27,403 epoch 18 - iter 626/6260 - loss 1.77348976 - time (sec): 496.44 - samples/sec: 161.41 - lr: 0.100000 - momentum: 0.000000
2025-04-08 20:34:40,239 epoch 18 - iter 1252/6260 - loss 1.77241745 - time (sec): 989.28 - samples/sec: 161.99 - lr: 0.100000 - momentum: 0.000000
2025-04-08 20:42:49,512 epoch 18 - iter 1878/6260 - loss 1.77109831 - time (sec): 1478.55 - samples/sec: 162.58 - lr: 0.100000 - momentum: 0.000000
2025-04-08 20:50:53,832 epoch 18 - iter 2504/6260 - loss 1.77101441 - time (sec): 1962.87 - samples/sec: 163.29 - lr: 0.100000 - momentum: 0.000000
2025-04-08 20:59:07,300 epoch 18 - iter 3130/6260 - loss 1.77080125 - time (sec): 2456.34 - samples/sec: 163.10 - lr: 0.100000 - momentum: 0.000000
2025-04-08 21:07:04,544 epoch 18 - iter 3756/6260 - loss 1.77104714 - time (sec): 2933.58 - samples/sec: 163.88 - lr: 0.100000 - momentum: 0.000000
2025-04-08 21:15:08,337 epoch 18 - iter 4382/6260 - loss 1.77065547 - time (sec): 3417.37 - samples/sec: 164.13 - lr: 0.100000 - momentum: 0.000000
2025-04-08 21:24:09,162 epoch 18 - iter 5008/6260 - loss 1.77009006 - time (sec): 3958.20 - samples/sec: 161.95 - lr: 0.100000 - momentum: 0.000000
2025-04-08 21:33:01,480 epoch 18 - iter 5634/6260 - loss 1.76952428 - time (sec): 4490.52 - samples/sec: 160.59 - lr: 0.100000 - momentum: 0.000000
2025-04-08 21:42:41,219 epoch 18 - iter 6260/6260 - loss 1.76980530 - time (sec): 5070.26 - samples/sec: 158.02 - lr: 0.100000 - momentum: 0.000000
2025-04-08 21:42:41,222 ----------------------------------------------------------------------------------------------------
2025-04-08 21:42:41,223 EPOCH 18 done: loss 1.7698 - lr: 0.100000
2025-04-08 21:44:19,078 DEV : loss 1.6553447246551514 - f1-score (micro avg)  0.5437
2025-04-08 21:44:39,050  - 0 epochs without improvement
2025-04-08 21:44:39,053 saving best model
2025-04-08 21:44:39,911 ----------------------------------------------------------------------------------------------------
2025-04-08 21:53:53,151 epoch 19 - iter 626/6260 - loss 1.76236025 - time (sec): 553.24 - samples/sec: 144.83 - lr: 0.100000 - momentum: 0.000000
2025-04-08 22:03:12,306 epoch 19 - iter 1252/6260 - loss 1.76165121 - time (sec): 1112.39 - samples/sec: 144.06 - lr: 0.100000 - momentum: 0.000000
2025-04-08 22:12:56,647 epoch 19 - iter 1878/6260 - loss 1.76249730 - time (sec): 1696.73 - samples/sec: 141.67 - lr: 0.100000 - momentum: 0.000000
2025-04-08 22:22:01,218 epoch 19 - iter 2504/6260 - loss 1.76360643 - time (sec): 2241.30 - samples/sec: 143.00 - lr: 0.100000 - momentum: 0.000000
2025-04-08 22:31:51,234 epoch 19 - iter 3130/6260 - loss 1.76419301 - time (sec): 2831.32 - samples/sec: 141.50 - lr: 0.100000 - momentum: 0.000000
2025-04-08 22:42:07,510 epoch 19 - iter 3756/6260 - loss 1.76382283 - time (sec): 3447.60 - samples/sec: 139.45 - lr: 0.100000 - momentum: 0.000000
2025-04-08 22:51:39,206 epoch 19 - iter 4382/6260 - loss 1.76316068 - time (sec): 4019.29 - samples/sec: 139.55 - lr: 0.100000 - momentum: 0.000000
2025-04-08 23:00:54,691 epoch 19 - iter 5008/6260 - loss 1.76229742 - time (sec): 4574.78 - samples/sec: 140.12 - lr: 0.100000 - momentum: 0.000000
2025-04-08 23:10:33,560 epoch 19 - iter 5634/6260 - loss 1.76284375 - time (sec): 5153.65 - samples/sec: 139.93 - lr: 0.100000 - momentum: 0.000000
2025-04-08 23:20:23,540 epoch 19 - iter 6260/6260 - loss 1.76261180 - time (sec): 5743.63 - samples/sec: 139.50 - lr: 0.100000 - momentum: 0.000000
2025-04-08 23:20:23,542 ----------------------------------------------------------------------------------------------------
2025-04-08 23:20:23,544 EPOCH 19 done: loss 1.7626 - lr: 0.100000
2025-04-08 23:22:11,157 DEV : loss 1.6609618663787842 - f1-score (micro avg)  0.5416
2025-04-08 23:22:29,144  - 1 epochs without improvement
2025-04-08 23:22:29,147 ----------------------------------------------------------------------------------------------------
2025-04-08 23:31:49,019 epoch 20 - iter 626/6260 - loss 1.74893347 - time (sec): 559.87 - samples/sec: 143.12 - lr: 0.100000 - momentum: 0.000000
2025-04-08 23:40:52,840 epoch 20 - iter 1252/6260 - loss 1.74715904 - time (sec): 1103.69 - samples/sec: 145.20 - lr: 0.100000 - momentum: 0.000000
2025-04-08 23:50:03,490 epoch 20 - iter 1878/6260 - loss 1.75187630 - time (sec): 1654.34 - samples/sec: 145.30 - lr: 0.100000 - momentum: 0.000000
2025-04-08 23:59:26,083 epoch 20 - iter 2504/6260 - loss 1.75143712 - time (sec): 2216.93 - samples/sec: 144.57 - lr: 0.100000 - momentum: 0.000000
2025-04-09 00:08:12,850 epoch 20 - iter 3130/6260 - loss 1.75321434 - time (sec): 2743.70 - samples/sec: 146.02 - lr: 0.100000 - momentum: 0.000000
2025-04-09 00:16:58,429 epoch 20 - iter 3756/6260 - loss 1.75275483 - time (sec): 3269.28 - samples/sec: 147.06 - lr: 0.100000 - momentum: 0.000000
2025-04-09 00:25:39,501 epoch 20 - iter 4382/6260 - loss 1.75304482 - time (sec): 3790.35 - samples/sec: 147.98 - lr: 0.100000 - momentum: 0.000000
2025-04-09 00:34:36,447 epoch 20 - iter 5008/6260 - loss 1.75476590 - time (sec): 4327.30 - samples/sec: 148.13 - lr: 0.100000 - momentum: 0.000000
2025-04-09 00:43:37,484 epoch 20 - iter 5634/6260 - loss 1.75607209 - time (sec): 4868.34 - samples/sec: 148.13 - lr: 0.100000 - momentum: 0.000000
2025-04-09 00:52:36,781 epoch 20 - iter 6260/6260 - loss 1.75594347 - time (sec): 5407.63 - samples/sec: 148.17 - lr: 0.100000 - momentum: 0.000000
2025-04-09 00:52:36,783 ----------------------------------------------------------------------------------------------------
2025-04-09 00:52:36,784 EPOCH 20 done: loss 1.7559 - lr: 0.100000
2025-04-09 00:54:16,874 DEV : loss 1.658458948135376 - f1-score (micro avg)  0.5408
2025-04-09 00:54:33,923  - 2 epochs without improvement
2025-04-09 00:54:35,016 ----------------------------------------------------------------------------------------------------
2025-04-09 00:54:35,018 Loading model from best epoch ...
2025-04-09 00:55:41,541 
Results:
- F-score (micro) 0.5425
- F-score (macro) 0.236
- Accuracy 0.5425

By class:
               precision    recall  f1-score   support

     American     0.4993    0.8427    0.6271     24148
      English     0.3615    0.2890    0.3212      7810
       German     0.5898    0.7382    0.6557      4243
       French     0.6450    0.7377    0.6882      4079
      Italian     0.6955    0.8608    0.7694      2794
      British     0.3115    0.0860    0.1347      4584
       Indian     0.6283    0.7432    0.6809      2231
      Russian     0.6689    0.8211    0.7373      2175
   Australian     0.2587    0.0275    0.0497      4040
     Japanese     0.8664    0.9657    0.9134      2102
     Canadian     0.1228    0.0020    0.0040      3415
        Dutch     0.6415    0.4766    0.5469      1498
      Mexican     0.2608    0.5133    0.3459       867
    Norwegian     0.8224    0.6973    0.7547      1361
    Brazilian     0.5201    0.5465    0.5329      1184
    Argentine     0.3055    0.3747    0.3366       918
      Chinese     0.8663    0.8417    0.8538       916
       Korean     0.8673    0.9034    0.8849       745
        Czech     0.7506    0.7790    0.7646       742
        Greek     0.7062    0.8037    0.7518       652
    Hungarian     0.8375    0.7468    0.7896       711
        Irish     0.6376    0.0809    0.1435      1175
      Iranian     0.5091    0.7798    0.6160       504
     Romanian     0.7263    0.7379    0.7321       622
    Ukrainian     0.7307    0.5785    0.6458       605
    Pakistani     0.3442    0.5888    0.4345       394
     Austrian     0.4762    0.0797    0.1366       878
      Belgian     0.5283    0.1489    0.2324       752
      Israeli     0.4960    0.3514    0.4114       535
     Nigerian     0.4553    0.4827    0.4686       433
    Bulgarian     0.7545    0.6304    0.6869       395
     Egyptian     0.3824    0.5288    0.4438       295
   Portuguese     0.6538    0.2548    0.3667       467
        Welsh     0.4138    0.0645    0.1116       558
         Thai     0.8403    0.7380    0.7859       271
     Albanian     0.6186    0.4688    0.5333       256
       Slovak     0.6627    0.4043    0.5022       277
   Indonesian     0.6000    0.2929    0.3937       297
     Filipino     0.3226    0.0249    0.0462       402
    Malaysian     0.4671    0.2689    0.3413       264
   Lithuanian     0.8691    0.7867    0.8259       211
    Taiwanese     0.7305    0.6040    0.6612       202
     Ghanaian     0.5766    0.2977    0.3926       215
      Chilean     0.1200    0.0102    0.0187       295
     Armenian     0.6828    0.5858    0.6306       169
        Saudi     0.4189    0.4079    0.4133       152
     Algerian     0.3973    0.3841    0.3906       151
     Moroccan     0.2857    0.2667    0.2759       150
  Montenegrin     0.3684    0.7000    0.4828       100
    Colombian     0.2727    0.0360    0.0636       250
     Estonian     0.7083    0.2550    0.3750       200
   Belarusian     0.7609    0.1577    0.2612       222
  Bangladeshi     0.5465    0.2640    0.3561       178
      Latvian     0.8571    0.7234    0.7846       141
    Uruguayan     0.0000    0.0000    0.0000       242
   Vietnamese     0.9412    0.9256    0.9333       121
  Azerbaijani     0.7447    0.4965    0.5957       141
        Cuban     0.0417    0.0050    0.0088       202
      Catalan     0.6349    0.2516    0.3604       159
       Kenyan     0.5000    0.1908    0.2762       152
   Senegalese     0.4909    0.5870    0.5347        92
  Cameroonian     0.4133    0.2541    0.3147       122
   Venezuelan     0.0000    0.0000    0.0000       191
        Tamil     0.4717    0.1825    0.2632       137
      Ugandan     0.2267    0.1518    0.1818       112
        Iraqi     0.2667    0.0889    0.1333       135
     Lebanese     0.1364    0.0216    0.0373       139
    Dominican     0.3333    0.0065    0.0127       155
       Syrian     0.1860    0.0702    0.1019       114
     Tunisian     0.3585    0.1827    0.2420       104
     Jamaican     0.0000    0.0000    0.0000       152
   Macedonian     0.7037    0.3958    0.5067        96
      Burmese     0.8852    0.6353    0.7397        85
     Peruvian     0.0000    0.0000    0.0000       142
       Basque     0.6522    0.1339    0.2222       112
     Moldovan     0.6154    0.1553    0.2481       103
  Singaporean     0.4444    0.0342    0.0635       117
    Ethiopian     0.5227    0.3151    0.3932        73
       Samoan     0.3871    0.1818    0.2474        66
       Afghan     0.3448    0.1538    0.2128        65
      Cypriot     0.6667    0.0220    0.0426        91
     Nepalese     0.8889    0.0952    0.1720        84
   Paraguayan     0.0000    0.0000    0.0000        89
      Emirati     0.2632    0.0758    0.1176        66
       Malian     0.3250    0.2955    0.3095        44
      Kuwaiti     0.1951    0.2051    0.2000        39
   Ecuadorian     0.0000    0.0000    0.0000        79
      Zambian     0.3125    0.2222    0.2597        45
    Tanzanian     0.2727    0.0462    0.0789        65
      Guinean     0.3750    0.0448    0.0800        67
       Tongan     0.5600    0.2800    0.3733        50
  Palestinian     0.1154    0.0638    0.0822        47
    Mongolian     0.9000    0.7500    0.8182        36
     Bolivian     0.0000    0.0000    0.0000        65
       Qatari     0.2000    0.0889    0.1231        45
    Jordanian     0.5294    0.2000    0.2903        45
      Maltese     0.0000    0.0000    0.0000        61
     Namibian     0.0000    0.0000    0.0000        59
   Salvadoran     0.0000    0.0000    0.0000        56
       Yemeni     0.2727    0.1935    0.2264        31
   Panamanian     0.0000    0.0000    0.0000        49
      Haitian     0.0000    0.0000    0.0000        49
     Honduran     0.0000    0.0000    0.0000        49
    Cambodian     0.7500    0.1538    0.2553        39
     Malagasy     0.7895    0.5556    0.6522        27
    Burkinabé     0.2083    0.2381    0.2222        21
      Angolan     0.0000    0.0000    0.0000        45
      Rwandan     0.4667    0.2414    0.3182        29
     Guyanese     0.0000    0.0000    0.0000        44
     Georgian     0.1111    0.0294    0.0465        34
   Guatemalan     0.0000    0.0000    0.0000        43
    Mauritian     0.0000    0.0000    0.0000        38
    Barbadian     0.0000    0.0000    0.0000        37
      Tibetan     0.6154    0.3636    0.4571        22
     Liberian     0.0000    0.0000    0.0000        35
     Botswana     0.7500    0.2222    0.3429        27
      Faroese     0.5000    0.1200    0.1935        25
    Bermudian     0.0000    0.0000    0.0000        30
     Beninese     0.0000    0.0000    0.0000        27
      Gambian     0.5000    0.0870    0.1481        23
     Malawian     0.0000    0.0000    0.0000        27
    Burundian     0.5714    0.2222    0.3200        18
       Libyan     0.0000    0.0000    0.0000        22
     Nigerien     0.2000    0.0556    0.0870        18
     Bahraini     0.5000    0.0476    0.0870        21
    Bhutanese     1.0000    0.2105    0.3478        19
        Omani     0.6000    0.1667    0.2609        18
     Andorran     0.0000    0.0000    0.0000        23
   Mozambican     0.0000    0.0000    0.0000        22
     Sudanese     0.0000    0.0000    0.0000        20
   Nicaraguan     0.0000    0.0000    0.0000        21
    Grenadian     0.0000    0.0000    0.0000        21
Equatoguinean     0.0000    0.0000    0.0000        19
     Togolese     0.0000    0.0000    0.0000        20
       Somali     0.2000    0.0667    0.1000        15
  Sammarinese     0.0000    0.0000    0.0000        20
     Belizean     0.0000    0.0000    0.0000        18
    Maldivian     0.4286    0.2727    0.3333        11
     Gabonese     1.0000    0.0625    0.1176        16
      Chadian     1.0000    0.0714    0.1333        14
     Bahamian     0.0000    0.0000    0.0000        15
        Swazi     0.0000    0.0000    0.0000        15
   Surinamese     0.0000    0.0000    0.0000        14
     Eritrean     1.0000    0.0769    0.1429        13
         Manx     0.0000    0.0000    0.0000        13
  Mauritanian     1.0000    0.0909    0.1667        11
       Aruban     0.0000    0.0000    0.0000        12
      Slovene     0.5000    0.1111    0.1818         9
     Bruneian     0.0000    0.0000    0.0000        11
 Gibraltarian     0.0000    0.0000    0.0000        10
     Tuvaluan     0.0000    0.0000    0.0000         9
      Bosniak     0.0000    0.0000    0.0000         5
         Finn     0.0000    0.0000    0.0000         8
    Vanuatuan     0.0000    0.0000    0.0000         8
        Uzbek     0.0000    0.0000    0.0000         7
         Turk     0.0000    0.0000    0.0000         7
         Dane     0.0000    0.0000    0.0000         7
       Syriac     0.0000    0.0000    0.0000         6
   Djiboutian     0.0000    0.0000    0.0000         6
  Marshallese     0.0000    0.0000    0.0000         6
        Tajik     0.0000    0.0000    0.0000         6
       Breton     0.0000    0.0000    0.0000         5
     Comorian     0.0000    0.0000    0.0000         4
        Sotho     0.0000    0.0000    0.0000         4
      Nauruan     0.0000    0.0000    0.0000         3
         Serb     0.0000    0.0000    0.0000         2
    Congolese     0.0000    0.0000    0.0000         2
      Palauan     0.0000    0.0000    0.0000         2
          Lao     0.0000    0.0000    0.0000         1
       Kazakh     0.0000    0.0000    0.0000         1
   I-Kiribati     0.0000    0.0000    0.0000         1
       Kyrgyz     0.0000    0.0000    0.0000         1
   Vincentian     0.0000    0.0000    0.0000         1

     accuracy                         0.5425     89025
    macro avg     0.3428    0.2153    0.2360     89025
 weighted avg     0.4966    0.5425    0.4830     89025

2025-04-09 00:55:41,542 ----------------------------------------------------------------------------------------------------
